C:\USERS\ASUS\DOCUMENTS\SPACEINVADERS\DEBUG\SPACEINVADERS.EXE
C:\USERS\ASUS\DOCUMENTS\SPACEINVADERS\DEBUG\SPACEINVADERS.PDB
C:\USERS\ASUS\DOCUMENTS\SPACEINVADERS\SPACEINVADERS\DEBUG\BASE.OBJ
C:\USERS\ASUS\DOCUMENTS\SPACEINVADERS\SPACEINVADERS\DEBUG\BASES.OBJ
C:\Users\Asus\Documents\SpaceInvaders\SpaceInvaders\Debug\cl.command.1.tlog
C:\Users\Asus\Documents\SpaceInvaders\SpaceInvaders\Debug\CL.read.1.tlog
C:\Users\Asus\Documents\SpaceInvaders\SpaceInvaders\Debug\CL.write.1.tlog
C:\Users\Asus\Documents\SpaceInvaders\SpaceInvaders\Debug\link.command.1.tlog
C:\Users\Asus\Documents\SpaceInvaders\SpaceInvaders\Debug\link.read.1.tlog
C:\Users\Asus\Documents\SpaceInvaders\SpaceInvaders\Debug\link.write.1.tlog
C:\USERS\ASUS\DOCUMENTS\SPACEINVADERS\SPACEINVADERS\DEBUG\MAIN.OBJ
C:\Users\Asus\Documents\SpaceInvaders\SpaceInvaders\Debug\mt.command.1.tlog
C:\Users\Asus\Documents\SpaceInvaders\SpaceInvaders\Debug\mt.read.1.tlog
C:\Users\Asus\Documents\SpaceInvaders\SpaceInvaders\Debug\mt.write.1.tlog
C:\USERS\ASUS\DOCUMENTS\SPACEINVADERS\SPACEINVADERS\DEBUG\SHIP.OBJ
C:\USERS\ASUS\DOCUMENTS\SPACEINVADERS\SPACEINVADERS\DEBUG\SPACEINVADERS.EXE.INTERMEDIATE.MANIFEST
C:\Users\Asus\Documents\SpaceInvaders\SpaceInvaders\Debug\SpaceInvaders.vcxprojResolveAssemblyReference.cache
C:\Users\Asus\Documents\SpaceInvaders\SpaceInvaders\Debug\SpaceInvaders.write.1.tlog
C:\Users\Asus\Documents\SpaceInvaders\SpaceInvaders\Debug\vc100.idb
C:\USERS\ASUS\DOCUMENTS\SPACEINVADERS\SPACEINVADERS\DEBUG\VC100.PDB
Z:\DOCUMENTS\CG\SPACEINVADERS\DEBUG\SPACEINVADERS.EXE
Z:\DOCUMENTS\CG\SPACEINVADERS\DEBUG\SPACEINVADERS.PDB
Z:\DOCUMENTS\CG\SPACEINVADERS\SPACEINVADERS\DEBUG\MAIN.OBJ
Z:\DOCUMENTS\CG\SPACEINVADERS\SPACEINVADERS\DEBUG\SPACEINVADERS.EXE.INTERMEDIATE.MANIFEST
Z:\DOCUMENTS\CG\SPACEINVADERS\SPACEINVADERS\DEBUG\VC100.PDB
